[INFO] Scanning for projects...
[INFO] 
[INFO] --------------< net.serenitybdd.starter:cucumber-starter >--------------
[INFO] Building Sample Serenity BDD project using Cucumber 1.0.0-SNAPSHOT
[INFO]   from pom.xml
[INFO] --------------------------------[ jar ]---------------------------------
[INFO] 
[INFO] --- clean:3.2.0:clean (default-clean) @ cucumber-starter ---
[INFO] Deleting D:\L4S1\ITQA\ITFac_Batch21_Group58\target
[INFO] 
[INFO] --- resources:3.3.1:resources (default-resources) @ cucumber-starter ---
[INFO] skip non existing resourceDirectory D:\L4S1\ITQA\ITFac_Batch21_Group58\src\main\resources
[INFO] 
[INFO] --- compiler:3.8.1:compile (default-compile) @ cucumber-starter ---
[INFO] Nothing to compile - all classes are up to date
[INFO] 
[INFO] --- resources:3.3.1:testResources (default-testResources) @ cucumber-starter ---
[INFO] Copying 5 resources from src\test\resources to target\test-classes
[INFO] 
[INFO] --- compiler:3.8.1:testCompile (default-testCompile) @ cucumber-starter ---
[INFO] Changes detected - recompiling the module!
[INFO] Compiling 23 source files to D:\L4S1\ITQA\ITFac_Batch21_Group58\target\test-classes
[INFO] 
[INFO] --- surefire:3.1.2:test (default-test) @ cucumber-starter ---
[INFO] Tests are skipped.
[INFO] 
[INFO] --- jar:3.3.0:jar (default-jar) @ cucumber-starter ---
[WARNING] JAR will be empty - no content was marked for inclusion!
[INFO] Building jar: D:\L4S1\ITQA\ITFac_Batch21_Group58\target\cucumber-starter-1.0.0-SNAPSHOT.jar
[INFO] 
[INFO] --- failsafe:3.1.2:integration-test (default) @ cucumber-starter ---
[INFO] Using auto detected provider org.apache.maven.surefire.junitplatform.JUnitPlatformProvider
[INFO] 
[INFO] -------------------------------------------------------
[INFO]  T E S T S
[INFO] -------------------------------------------------------
mvn : Feb 06, 2026 3:24:04 AM 
org.junit.platform.launcher.core.DiscoveryIssueNotifier 
logIssues
At line:1 char:1
+ mvn clean verify -Dtags="@category_api" > 
test_output_3.txt 2>&1
+ ~~~~~~~~~~~~~~~~~~~~~~~~~~~~~~~~~~~~~~~~~~~~~~~~~~~~~~
~~~~~~~~~~
    + CategoryInfo          : NotSpecified: (Feb 06, 
2026     3:...ifier logIssues:String) [], 
RemoteException
    + FullyQualifiedErrorId : NativeCommandError
 
WARNING: TestEngine with ID 'junit-platform-suite' 
encountered a non-critical issue during test discovery:

(1) [WARNING] [cucumber] The classpath resource 
selector 'features' should not be used to select 
features in a package. Use the package selector with 
'features' instead (via @Suite 
starter.CucumberTestSuite).
[INFO] Running starter.CucumberTestSuite
03:24:05.611 [ForkJoinPool-2-worker-1] INFO  n.thucydides.core.steps.StepEventBus - Loading JUnit Platform configuration parameters from classpath resource [junit-platform.properties].
03:24:05.645 [ForkJoinPool-2-worker-1] INFO  n.t.m.logging.ConsoleLoggingListener - 

-------------------------------------------------------------------------------------
     _______. _______ .______       _______ .__   __.  __  .___________.____    ____ 
    /       ||   ____||   _  \     |   ____||  \ |  | |  | |           |\   \  /   / 
   |   (----`|  |__   |  |_)  |    |  |__   |   \|  | |  | `---|  |----` \   \/   /  
    \   \    |   __|  |      /     |   __|  |  . `  | |  |     |  |       \_    _/   
.----)   |   |  |____ |  |\  \----.|  |____ |  |\   | |  |     |  |         |  |     
|_______/    |_______|| _| `._____||_______||__| \__| |__|     |__|         |__|    
                                                                                     
 News and tutorials at https://serenity-bdd.info                                     
 Documentation at https://serenity-bdd.github.io                                     
 Test Automation Training and Coaching: https://www.serenity-dojo.com                
 Commercial Support: https://www.serenity-dojo.com/serenity-bdd-enterprise-support   
 Join the Serenity Community on Gitter: https://gitter.im/serenity-bdd/serenity-core 
-------------------------------------------------------------------------------------

03:24:05.651 [ForkJoinPool-2-worker-1] INFO  n.t.m.logging.ConsoleLoggingListener - Test Suite Started: Sales Management
03:24:05.705 [ForkJoinPool-2-worker-2] INFO  n.t.m.logging.ConsoleLoggingListener - Test Suite Started: Category Management API

@admin_auth
Scenario: CM2_API_A_02 Reject Category Creation without Name                 # classpath:features/api/category/category_api.feature:15

@admin_auth
Scenario: CM2_API_A_03 Update Category via API                                       # classpath:features/api/category/category_api.feature:22

@admin_auth
Scenario: CM2_API_A_04 Delete Category via API  # classpath:features/api/category/category_api.feature:30
  Γûá Given the admin has a valid session
  Γûá Given the admin has a valid session
  Γûá Given the admin has a valid session
  Γå╖ And a category exists with name "OldName"                                        # steps.api.category.CategorySteps.aCategoryExistsWithName(java.lang.String)
  Γå╖ When I update the category name to "NewName"                                     # steps.api.category.CategorySteps.iUpdateTheCategoryNameTo(java.lang.String)
  Γå╖ When I create a category with missing name                               # steps.api.category.CategorySteps.iCreateACategoryWithMissingName()
  Γå╖ Then the response status code should be 200                                      # steps.api.category.CategorySteps.theResponseStatusCodeShouldBe(int)
  Γå╖ And a category exists with name "ToDelete"  # steps.api.category.CategorySteps.aCategoryExistsWithName(java.lang.String)
  Γå╖ And the response body should return correct category details with name "NewName" # steps.api.category.CategorySteps.theResponseBodyShouldReturnCorrectCategoryDetailsWithName(java.lang.String)
  Γå╖ Then the response status code should be 400                              # steps.api.category.CategorySteps.theResponseStatusCodeShouldBe(int)
  Γå╖ When I delete the category                  # steps.api.category.CategorySteps.iDeleteTheCategory()
  Γå╖ Then the response status code should be 204 # steps.api.category.CategorySteps.theResponseStatusCodeShouldBe(int)
  Γå╖ And the category should no longer exist     # steps.api.category.CategorySteps.theCategoryShouldNoLongerExist()
  Γå╖ And the response body should contain a validation error for missing name # steps.api.category.CategorySteps.theResponseBodyShouldContainAValidationErrorForMissingName()
03:24:09.523 [ForkJoinPool-2-worker-1] INFO  n.t.m.logging.ConsoleLoggingListener - 
  _____   ___   ___   _____     ___   _____     _     ___   _____   ___   ___  
 |_   _| | __| / __| |_   _|   / __| |_   _|   /_\   | _ \ |_   _| | __| |   \ 
   | |   | _|  \__ \   | |     \__ \   | |    / _ \  |   /   | |   | _|  | |) |
   |_|   |___| |___/   |_|     |___/   |_|   /_/ \_\ |_|_\   |_|   |___| |___/ 

CM2_API_A_02 Reject Category Creation without Name(category-management-api;cm2-api-a-02-reject-category-creation-without-name)
--------------------------------------------------------------------------------
03:24:09.546 [ForkJoinPool-2-worker-1] INFO  n.t.m.logging.ConsoleLoggingListener - 
  _____   ___   ___   _____     ___   ___   _  _   ___    ___   _  _    ___ 
 |_   _| | __| / __| |_   _|   | _ \ | __| | \| | |   \  |_ _| | \| |  / __|
   | |   | _|  \__ \   | |     |  _/ | _|  | .` | | |) |  | |  | .` | | (_ |
   |_|   |___| |___/   |_|     |_|   |___| |_|\_| |___/  |___| |_|\_|  \___|

CM2_API_A_02 Reject Category Creation without Name
-----------------------------------------------------------------------------
03:24:09.574 [ForkJoinPool-2-worker-1] INFO  n.t.m.logging.ConsoleLoggingListener - 
  _____   ___   ___   _____     ___   _____     _     ___   _____   ___   ___  
 |_   _| | __| / __| |_   _|   / __| |_   _|   /_\   | _ \ |_   _| | __| |   \ 
   | |   | _|  \__ \   | |     \__ \   | |    / _ \  |   /   | |   | _|  | |) |
   |_|   |___| |___/   |_|     |___/   |_|   /_/ \_\ |_|_\   |_|   |___| |___/ 

CM2_API_A_03 Update Category via API(category-management-api;cm2-api-a-03-update-category-via-api)
--------------------------------------------------------------------------------
03:24:09.577 [ForkJoinPool-2-worker-1] INFO  n.t.m.logging.ConsoleLoggingListener - 
  _____   ___   ___   _____     ___   ___   _  _   ___    ___   _  _    ___ 
 |_   _| | __| / __| |_   _|   | _ \ | __| | \| | |   \  |_ _| | \| |  / __|
   | |   | _|  \__ \   | |     |  _/ | _|  | .` | | |) |  | |  | .` | | (_ |
   |_|   |___| |___/   |_|     |_|   |___| |_|\_| |___/  |___| |_|\_|  \___|

CM2_API_A_03 Update Category via API
-----------------------------------------------------------------------------
03:24:09.593 [ForkJoinPool-2-worker-1] INFO  n.t.m.logging.ConsoleLoggingListener - 
  _____   ___   ___   _____     ___   _____     _     ___   _____   ___   ___  
 |_   _| | __| / __| |_   _|   / __| |_   _|   /_\   | _ \ |_   _| | __| |   \ 
   | |   | _|  \__ \   | |     \__ \   | |    / _ \  |   /   | |   | _|  | |) |
   |_|   |___| |___/   |_|     |___/   |_|   /_/ \_\ |_|_\   |_|   |___| |___/ 

CM2_API_A_04 Delete Category via API(category-management-api;cm2-api-a-04-delete-category-via-api)
--------------------------------------------------------------------------------
03:24:09.596 [ForkJoinPool-2-worker-1] INFO  n.t.m.logging.ConsoleLoggingListener - 
  _____   ___   ___   _____     ___   ___   _  _   ___    ___   _  _    ___ 
 |_   _| | __| / __| |_   _|   | _ \ | __| | \| | |   \  |_ _| | \| |  / __|
   | |   | _|  \__ \   | |     |  _/ | _|  | .` | | |) |  | |  | .` | | (_ |
   |_|   |___| |___/   |_|     |_|   |___| |_|\_| |___/  |___| |_|\_|  \___|

CM2_API_A_04 Delete Category via API
-----------------------------------------------------------------------------
io.cucumber.core.exception.CompositeCucumberException: There were 4 exceptions. The details are in the stacktrace below.
	at io.cucumber.core.runtime.RethrowingThrowableCollector.getThrowable(RethrowingThrowableCollector.java:57)
	at io.cucumber.core.runtime.CucumberExecutionContext.getThrowable(CucumberExecutionContext.java:108)
	at io.cucumber.core.runtime.CucumberExecutionContext.finishTestRun(CucumberExecutionContext.java:103)
	at io.cucumber.junit.platform.engine.CucumberEngineExecutionContext.finishTestRun(CucumberEngineExecutionContext.java:129)
	at io.cucumber.junit.platform.engine.CucumberEngineDescriptor.ifChildren(CucumberEngineDescriptor.java:66)
	at io.cucumber.junit.platform.engine.CucumberEngineDescriptor.cleanUp(CucumberEngineDescriptor.java:51)
	at io.cucumber.junit.platform.engine.CucumberEngineDescriptor.cleanUp(CucumberEngineDescriptor.java:13)
	at org.junit.platform.engine.support.hierarchical.NodeTestTask.lambda$cleanUp$0(NodeTestTask.java:192)
	at org.junit.platform.engine.support.hierarchical.ThrowableCollector.execute(ThrowableCollector.java:74)
	at org.junit.platform.engine.support.hierarchical.NodeTestTask.cleanUp(NodeTestTask.java:192)
	at org.junit.platform.engine.support.hierarchical.NodeTestTask.execute(NodeTestTask.java:119)
	at org.junit.platform.engine.support.hierarchical.ForkJoinPoolHierarchicalTestExecutorService$ExclusiveTask.exec(ForkJoinPoolHierarchicalTestExecutorService.java:253)
	at java.base/java.util.concurrent.ForkJoinTask.doExec(ForkJoinTask.java:387)
	at java.base/java.util.concurrent.ForkJoinPool$WorkQueue.topLevelExec(ForkJoinPool.java:1312)
	at java.base/java.util.concurrent.ForkJoinPool.scan(ForkJoinPool.java:1843)
	at java.base/java.util.concurrent.ForkJoinPool.runWorker(ForkJoinPool.java:1808)
	at java.base/java.util.concurrent.ForkJoinWorkerThread.run(ForkJoinWorkerThread.java:188)
	Suppressed: io.cucumber.core.runner.DuplicateStepDefinitionException: Duplicate step definitions in steps.api.category.CategorySteps.theResponseStatusCodeShouldBe(int) and steps.api.sales.SalesSteps.theResponseStatusCodeShouldBe(int)
		at io.cucumber.core.runner.CachingGlue.lambda$prepareGlue$3(CachingGlue.java:313)
		at java.base/java.util.ArrayList.forEach(ArrayList.java:1596)
		at io.cucumber.core.runner.CachingGlue.prepareGlue(CachingGlue.java:307)
		at io.cucumber.core.runner.Runner.runPickle(Runner.java:71)
		at io.cucumber.junit.platform.engine.CucumberEngineExecutionContext.lambda$runTestCase$4(CucumberEngineExecutionContext.java:115)
		at io.cucumber.core.runtime.CucumberExecutionContext.lambda$runTestCase$5(CucumberExecutionContext.java:136)
		at io.cucumber.core.runtime.RethrowingThrowableCollector.executeAndThrow(RethrowingThrowableCollector.java:23)
		at io.cucumber.core.runtime.CucumberExecutionContext.runTestCase(CucumberExecutionContext.java:136)
		at io.cucumber.junit.platform.engine.CucumberEngineExecutionContext.runTestCase(CucumberEngineExecutionContext.java:112)
		at io.cucumber.junit.platform.engine.CucumberTestDescriptor$PickleDescriptor.execute(CucumberTestDescriptor.java:308)
		at io.cucumber.junit.platform.engine.CucumberTestDescriptor$PickleDescriptor.execute(CucumberTestDescriptor.java:249)
		at java.base/java.util.concurrent.ForkJoinTask.doExec(ForkJoinTask.java:387)
		at java.base/java.util.concurrent.ForkJoinPool$WorkQueue.tryRemoveAndExec(ForkJoinPool.java:1351)
		at java.base/java.util.concurrent.ForkJoinTask.awaitDone(ForkJoinTask.java:422)
		at java.base/java.util.concurrent.ForkJoinTask.join(ForkJoinTask.java:651)
		at java.base/java.util.concurrent.ForkJoinTask.doExec(ForkJoinTask.java:387)
		at java.base/java.util.concurrent.ForkJoinPool$WorkQueue.tryRemoveAndExec(ForkJoinPool.java:1351)
		at java.base/java.util.concurrent.ForkJoinTask.awaitDone(ForkJoinTask.java:422)
		at java.base/java.util.concurrent.ForkJoinTask.join(ForkJoinTask.java:651)
		... 5 more
	Suppressed: io.cucumber.core.runner.DuplicateStepDefinitionException: Duplicate step definitions in steps.api.category.CategorySteps.theResponseStatusCodeShouldBe(int) and steps.api.sales.SalesSteps.theResponseStatusCodeShouldBe(int)
		at io.cucumber.core.runner.CachingGlue.lambda$prepareGlue$3(CachingGlue.java:313)
		at java.base/java.util.ArrayList.forEach(ArrayList.java:1596)
		at io.cucumber.core.runner.CachingGlue.prepareGlue(CachingGlue.java:307)
		at io.cucumber.core.runner.Runner.runPickle(Runner.java:71)
		at io.cucumber.junit.platform.engine.CucumberEngineExecutionContext.lambda$runTestCase$4(CucumberEngineExecutionContext.java:115)
		at io.cucumber.core.runtime.CucumberExecutionContext.lambda$runTestCase$5(CucumberExecutionContext.java:136)
		at io.cucumber.core.runtime.RethrowingThrowableCollector.executeAndThrow(RethrowingThrowableCollector.java:23)
		at io.cucumber.core.runtime.CucumberExecutionContext.runTestCase(CucumberExecutionContext.java:136)
		at io.cucumber.junit.platform.engine.CucumberEngineExecutionContext.runTestCase(CucumberEngineExecutionContext.java:112)
		at io.cucumber.junit.platform.engine.CucumberTestDescriptor$PickleDescriptor.execute(CucumberTestDescriptor.java:308)
		at io.cucumber.junit.platform.engine.CucumberTestDescriptor$PickleDescriptor.execute(CucumberTestDescriptor.java:249)
		... 5 more
	Suppressed: io.cucumber.core.runner.DuplicateStepDefinitionException: Duplicate step definitions in steps.api.category.CategorySteps.theResponseStatusCodeShouldBe(int) and steps.api.sales.SalesSteps.theResponseStatusCodeShouldBe(int)
		at io.cucumber.core.runner.CachingGlue.lambda$prepareGlue$3(CachingGlue.java:313)
		at java.base/java.util.ArrayList.forEach(ArrayList.java:1596)
		at io.cucumber.core.runner.CachingGlue.prepareGlue(CachingGlue.java:307)
		at io.cucumber.core.runner.Runner.runPickle(Runner.java:71)
		at io.cucumber.junit.platform.engine.CucumberEngineExecutionContext.lambda$runTestCase$4(CucumberEngineExecutionContext.java:115)
		at io.cucumber.core.runtime.CucumberExecutionContext.lambda$runTestCase$5(CucumberExecutionContext.java:136)
		at io.cucumber.core.runtime.RethrowingThrowableCollector.executeAndThrow(RethrowingThrowableCollector.java:23)
		at io.cucumber.core.runtime.CucumberExecutionContext.runTestCase(CucumberExecutionContext.java:136)
		at io.cucumber.junit.platform.engine.CucumberEngineExecutionContext.runTestCase(CucumberEngineExecutionContext.java:112)
		at io.cucumber.junit.platform.engine.CucumberTestDescriptor$PickleDescriptor.execute(CucumberTestDescriptor.java:308)
		at io.cucumber.junit.platform.engine.CucumberTestDescriptor$PickleDescriptor.execute(CucumberTestDescriptor.java:249)
		... 5 more
	Suppressed: io.cucumber.core.runner.DuplicateStepDefinitionException: Duplicate step definitions in steps.api.category.CategorySteps.theResponseStatusCodeShouldBe(int) and steps.api.sales.SalesSteps.theResponseStatusCodeShouldBe(int)
		at io.cucumber.core.runner.CachingGlue.lambda$prepareGlue$3(CachingGlue.java:313)
		at java.base/java.util.ArrayList.forEach(ArrayList.java:1596)
		at io.cucumber.core.runner.CachingGlue.prepareGlue(CachingGlue.java:307)
		at io.cucumber.core.runner.Runner.runPickle(Runner.java:71)
		at io.cucumber.junit.platform.engine.CucumberEngineExecutionContext.lambda$runTestCase$4(CucumberEngineExecutionContext.java:115)
		at io.cucumber.core.runtime.CucumberExecutionContext.lambda$runTestCase$5(CucumberExecutionContext.java:136)
		at io.cucumber.core.runtime.RethrowingThrowableCollector.executeAndThrow(RethrowingThrowableCollector.java:23)
		at io.cucumber.core.runtime.CucumberExecutionContext.runTestCase(CucumberExecutionContext.java:136)
		at io.cucumber.junit.platform.engine.CucumberEngineExecutionContext.runTestCase(CucumberEngineExecutionContext.java:112)
		at io.cucumber.junit.platform.engine.CucumberTestDescriptor$PickleDescriptor.execute(CucumberTestDescriptor.java:308)
		at io.cucumber.junit.platform.engine.CucumberTestDescriptor$PickleDescriptor.execute(CucumberTestDescriptor.java:249)
		at java.base/java.util.concurrent.ForkJoinTask.doExec(ForkJoinTask.java:387)
		at java.base/java.util.concurrent.ForkJoinPool$WorkQueue.tryRemoveAndExec(ForkJoinPool.java:1351)
		at java.base/java.util.concurrent.ForkJoinTask.awaitDone(ForkJoinTask.java:422)
		at java.base/java.util.concurrent.ForkJoinTask.join(ForkJoinTask.java:651)
		... 5 more
Feb 06, 2026 3:24:09 AM 
org.junit.platform.launcher.core.DiscoveryIssueNotifier 
logIssues
WARNING: TestEngine with ID 'cucumber' encountered a 
non-critical issue during test discovery:

(1) [WARNING] The classpath resource selector 
'features' should not be used to select features in a 
package. Use the package selector with 'features' 
instead
[ERROR] Tests run: 7, Failures: 0, Errors: 7, Skipped: 0, Time elapsed: 5.142 s <<< FAILURE! -- in starter.CucumberTestSuite
[ERROR] Sales Management.SM_UI_A_03 Verify Sell Plant Button Visibility -- Time elapsed: 0.094 s <<< ERROR!
io.cucumber.core.runner.DuplicateStepDefinitionException: Duplicate step definitions in steps.api.category.CategorySteps.theResponseStatusCodeShouldBe(int) and steps.api.sales.SalesSteps.theResponseStatusCodeShouldBe(int)
	at io.cucumber.core.runner.CachingGlue.lambda$prepareGlue$3(CachingGlue.java:313)
	at java.base/java.util.ArrayList.forEach(ArrayList.java:1596)
	at io.cucumber.core.runner.CachingGlue.prepareGlue(CachingGlue.java:307)
	at io.cucumber.core.runner.Runner.runPickle(Runner.java:71)
	at io.cucumber.junit.platform.engine.CucumberEngineExecutionContext.lambda$runTestCase$4(CucumberEngineExecutionContext.java:115)
	at io.cucumber.core.runtime.CucumberExecutionContext.lambda$runTestCase$5(CucumberExecutionContext.java:136)
	at io.cucumber.core.runtime.RethrowingThrowableCollector.executeAndThrow(RethrowingThrowableCollector.java:23)
	at io.cucumber.core.runtime.CucumberExecutionContext.runTestCase(CucumberExecutionContext.java:136)
	at io.cucumber.junit.platform.engine.CucumberEngineExecutionContext.runTestCase(CucumberEngineExecutionContext.java:112)
	at io.cucumber.junit.platform.engine.CucumberTestDescriptor$PickleDescriptor.execute(CucumberTestDescriptor.java:308)
	at io.cucumber.junit.platform.engine.CucumberTestDescriptor$PickleDescriptor.execute(CucumberTestDescriptor.java:249)
	at java.base/java.util.concurrent.ForkJoinTask.doExec(ForkJoinTask.java:387)
	at java.base/java.util.concurrent.ForkJoinPool$WorkQueue.tryRemoveAndExec(ForkJoinPool.java:1351)
	at java.base/java.util.concurrent.ForkJoinTask.awaitDone(ForkJoinTask.java:422)
	at java.base/java.util.concurrent.ForkJoinTask.join(ForkJoinTask.java:651)
	at java.base/java.util.concurrent.ForkJoinTask.doExec(ForkJoinTask.java:387)
	at java.base/java.util.concurrent.ForkJoinPool$WorkQueue.tryRemoveAndExec(ForkJoinPool.java:1351)
	at java.base/java.util.concurrent.ForkJoinTask.awaitDone(ForkJoinTask.java:422)
	at java.base/java.util.concurrent.ForkJoinTask.join(ForkJoinTask.java:651)
	at java.base/java.util.concurrent.ForkJoinTask.doExec(ForkJoinTask.java:387)
	at java.base/java.util.concurrent.ForkJoinPool$WorkQueue.topLevelExec(ForkJoinPool.java:1312)
	at java.base/java.util.concurrent.ForkJoinPool.scan(ForkJoinPool.java:1843)
	at java.base/java.util.concurrent.ForkJoinPool.runWorker(ForkJoinPool.java:1808)
	at java.base/java.util.concurrent.ForkJoinWorkerThread.run(ForkJoinWorkerThread.java:188)

[ERROR] Category Management API.CM2_API_A_01 Create Category via API Successfully -- Time elapsed: 0.237 s <<< ERROR!
io.cucumber.core.runner.DuplicateStepDefinitionException: Duplicate step definitions in steps.api.category.CategorySteps.theResponseStatusCodeShouldBe(int) and steps.api.sales.SalesSteps.theResponseStatusCodeShouldBe(int)
	at io.cucumber.core.runner.CachingGlue.lambda$prepareGlue$3(CachingGlue.java:313)
	at java.base/java.util.ArrayList.forEach(ArrayList.java:1596)
	at io.cucumber.core.runner.CachingGlue.prepareGlue(CachingGlue.java:307)
	at io.cucumber.core.runner.Runner.runPickle(Runner.java:71)
	at io.cucumber.junit.platform.engine.CucumberEngineExecutionContext.lambda$runTestCase$4(CucumberEngineExecutionContext.java:115)
	at io.cucumber.core.runtime.CucumberExecutionContext.lambda$runTestCase$5(CucumberExecutionContext.java:136)
	at io.cucumber.core.runtime.RethrowingThrowableCollector.executeAndThrow(RethrowingThrowableCollector.java:23)
	at io.cucumber.core.runtime.CucumberExecutionContext.runTestCase(CucumberExecutionContext.java:136)
	at io.cucumber.junit.platform.engine.CucumberEngineExecutionContext.runTestCase(CucumberEngineExecutionContext.java:112)
	at io.cucumber.junit.platform.engine.CucumberTestDescriptor$PickleDescriptor.execute(CucumberTestDescriptor.java:308)
	at io.cucumber.junit.platform.engine.CucumberTestDescriptor$PickleDescriptor.execute(CucumberTestDescriptor.java:249)
	at java.base/java.util.concurrent.ForkJoinTask.doExec(ForkJoinTask.java:387)
	at java.base/java.util.concurrent.ForkJoinPool$WorkQueue.topLevelExec(ForkJoinPool.java:1312)
	at java.base/java.util.concurrent.ForkJoinPool.scan(ForkJoinPool.java:1843)
	at java.base/java.util.concurrent.ForkJoinPool.runWorker(ForkJoinPool.java:1808)
	at java.base/java.util.concurrent.ForkJoinWorkerThread.run(ForkJoinWorkerThread.java:188)

[ERROR] Sales Management.SM_UI_A_01 View Sales List -- Time elapsed: 0.277 s <<< ERROR!
io.cucumber.core.runner.DuplicateStepDefinitionException: Duplicate step definitions in steps.api.category.CategorySteps.theResponseStatusCodeShouldBe(int) and steps.api.sales.SalesSteps.theResponseStatusCodeShouldBe(int)
	at io.cucumber.core.runner.CachingGlue.lambda$prepareGlue$3(CachingGlue.java:313)
	at java.base/java.util.ArrayList.forEach(ArrayList.java:1596)
	at io.cucumber.core.runner.CachingGlue.prepareGlue(CachingGlue.java:307)
	at io.cucumber.core.runner.Runner.runPickle(Runner.java:71)
	at io.cucumber.junit.platform.engine.CucumberEngineExecutionContext.lambda$runTestCase$4(CucumberEngineExecutionContext.java:115)
	at io.cucumber.core.runtime.CucumberExecutionContext.lambda$runTestCase$5(CucumberExecutionContext.java:136)
	at io.cucumber.core.runtime.RethrowingThrowableCollector.executeAndThrow(RethrowingThrowableCollector.java:23)
	at io.cucumber.core.runtime.CucumberExecutionContext.runTestCase(CucumberExecutionContext.java:136)
	at io.cucumber.junit.platform.engine.CucumberEngineExecutionContext.runTestCase(CucumberEngineExecutionContext.java:112)
	at io.cucumber.junit.platform.engine.CucumberTestDescriptor$PickleDescriptor.execute(CucumberTestDescriptor.java:308)
	at io.cucumber.junit.platform.engine.CucumberTestDescriptor$PickleDescriptor.execute(CucumberTestDescriptor.java:249)
	at java.base/java.util.concurrent.ForkJoinTask.doExec(ForkJoinTask.java:387)
	at java.base/java.util.concurrent.ForkJoinPool$WorkQueue.topLevelExec(ForkJoinPool.java:1312)
	at java.base/java.util.concurrent.ForkJoinPool.scan(ForkJoinPool.java:1843)
	at java.base/java.util.concurrent.ForkJoinPool.runWorker(ForkJoinPool.java:1808)
	at java.base/java.util.concurrent.ForkJoinWorkerThread.run(ForkJoinWorkerThread.java:188)

[ERROR] Category Management API.CM2_API_A_05 Reject Duplicate Category Creation via API -- Time elapsed: 0.300 s <<< ERROR!
io.cucumber.core.runner.DuplicateStepDefinitionException: Duplicate step definitions in steps.api.category.CategorySteps.theResponseStatusCodeShouldBe(int) and steps.api.sales.SalesSteps.theResponseStatusCodeShouldBe(int)
	at io.cucumber.core.runner.CachingGlue.lambda$prepareGlue$3(CachingGlue.java:313)
	at java.base/java.util.ArrayList.forEach(ArrayList.java:1596)
	at io.cucumber.core.runner.CachingGlue.prepareGlue(CachingGlue.java:307)
	at io.cucumber.core.runner.Runner.runPickle(Runner.java:71)
	at io.cucumber.junit.platform.engine.CucumberEngineExecutionContext.lambda$runTestCase$4(CucumberEngineExecutionContext.java:115)
	at io.cucumber.core.runtime.CucumberExecutionContext.lambda$runTestCase$5(CucumberExecutionContext.java:136)
	at io.cucumber.core.runtime.RethrowingThrowableCollector.executeAndThrow(RethrowingThrowableCollector.java:23)
	at io.cucumber.core.runtime.CucumberExecutionContext.runTestCase(CucumberExecutionContext.java:136)
	at io.cucumber.junit.platform.engine.CucumberEngineExecutionContext.runTestCase(CucumberEngineExecutionContext.java:112)
	at io.cucumber.junit.platform.engine.CucumberTestDescriptor$PickleDescriptor.execute(CucumberTestDescriptor.java:308)
	at io.cucumber.junit.platform.engine.CucumberTestDescriptor$PickleDescriptor.execute(CucumberTestDescriptor.java:249)
	at java.base/java.util.concurrent.ForkJoinTask.doExec(ForkJoinTask.java:387)
	at java.base/java.util.concurrent.ForkJoinPool$WorkQueue.tryRemoveAndExec(ForkJoinPool.java:1351)
	at java.base/java.util.concurrent.ForkJoinTask.awaitDone(ForkJoinTask.java:422)
	at java.base/java.util.concurrent.ForkJoinTask.join(ForkJoinTask.java:651)
	at java.base/java.util.concurrent.ForkJoinTask.doExec(ForkJoinTask.java:387)
	at java.base/java.util.concurrent.ForkJoinPool$WorkQueue.topLevelExec(ForkJoinPool.java:1312)
	at java.base/java.util.concurrent.ForkJoinPool.scan(ForkJoinPool.java:1843)
	at java.base/java.util.concurrent.ForkJoinPool.runWorker(ForkJoinPool.java:1808)
	at java.base/java.util.concurrent.ForkJoinWorkerThread.run(ForkJoinWorkerThread.java:188)

[ERROR] Category Management API.CM2_API_A_03 Update Category via API -- Time elapsed: 3.559 s <<< ERROR!
io.cucumber.junit.platform.engine.UndefinedStepException: 
The step 'the admin has a valid session' is undefined.
You can implement this step using the snippet(s) below:

@Given("the admin has a valid session")
public void the_admin_has_a_valid_session() {
    // Write code here that turns the phrase above into concrete actions
    throw new io.cucumber.java.PendingException();
}

	at Γ£╜.the admin has a valid session(classpath:features/api/category/category_api.feature:23)

[ERROR] Category Management API.CM2_API_A_04 Delete Category via API -- Time elapsed: 3.519 s <<< ERROR!
io.cucumber.junit.platform.engine.UndefinedStepException: 
The step 'the admin has a valid session' is undefined.
You can implement this step using the snippet(s) below:

@Given("the admin has a valid session")
public void the_admin_has_a_valid_session() {
    // Write code here that turns the phrase above into concrete actions
    throw new io.cucumber.java.PendingException();
}

	at Γ£╜.the admin has a valid session(classpath:features/api/category/category_api.feature:31)

[ERROR] Category Management API.CM2_API_A_02 Reject Category Creation without Name -- Time elapsed: 3.693 s <<< ERROR!
io.cucumber.junit.platform.engine.UndefinedStepException: 
The step 'the admin has a valid session' is undefined.
You can implement this step using the snippet(s) below:

@Given("the admin has a valid session")
public void the_admin_has_a_valid_session() {
    // Write code here that turns the phrase above into concrete actions
    throw new io.cucumber.java.PendingException();
}

	at Γ£╜.the admin has a valid session(classpath:features/api/category/category_api.feature:16)

Feb 06, 2026 3:24:09 AM 
org.junit.platform.launcher.core.DiscoveryIssueNotifier 
logIssues
WARNING: TestEngine with ID 'junit-platform-suite' 
encountered a non-critical issue during test discovery:

(1) [WARNING] [cucumber] The classpath resource 
selector 'features' should not be used to select 
features in a package. Use the package selector with 
'features' instead (via @Suite 
starter.CucumberTestSuite).
[INFO] 
[INFO] Results:
[INFO] 
[ERROR] Errors: 
[ERROR]   Duplicate step definitions in steps.api.category.CategorySteps.theResponseStatusCodeShouldBe(int) and steps.api.sales.SalesSteps.theResponseStatusCodeShouldBe(int)
[ERROR]   The step 'the admin has a valid session' is undefined.
You can implement this step using the snippet(s) below:

@Given("the admin has a valid session")
public void the_admin_has_a_valid_session() {
    // Write code here that turns the phrase above into concrete actions
    throw new io.cucumber.java.PendingException();
}

[ERROR]   The step 'the admin has a valid session' is undefined.
You can implement this step using the snippet(s) below:

@Given("the admin has a valid session")
public void the_admin_has_a_valid_session() {
    // Write code here that turns the phrase above into concrete actions
    throw new io.cucumber.java.PendingException();
}

[ERROR]   The step 'the admin has a valid session' is undefined.
You can implement this step using the snippet(s) below:

@Given("the admin has a valid session")
public void the_admin_has_a_valid_session() {
    // Write code here that turns the phrase above into concrete actions
    throw new io.cucumber.java.PendingException();
}

[ERROR]   Duplicate step definitions in steps.api.category.CategorySteps.theResponseStatusCodeShouldBe(int) and steps.api.sales.SalesSteps.theResponseStatusCodeShouldBe(int)
[ERROR]   Duplicate step definitions in steps.api.category.CategorySteps.theResponseStatusCodeShouldBe(int) and steps.api.sales.SalesSteps.theResponseStatusCodeShouldBe(int)
[ERROR]   Duplicate step definitions in steps.api.category.CategorySteps.theResponseStatusCodeShouldBe(int) and steps.api.sales.SalesSteps.theResponseStatusCodeShouldBe(int)
[INFO] 
[ERROR] Tests run: 7, Failures: 0, Errors: 7, Skipped: 0
[INFO] 
[INFO] 
[INFO] --- serenity:5.0.4:aggregate (serenity-reports) @ cucumber-starter ---
[INFO] GENERATING REPORTS FOR: D:\L4S1\ITQA\ITFac_Batch21_Group58
[INFO] GENERATING REPORTS USING 16 THREADS
[INFO] 
[INFO] ------------------------------------------------------------------------
[INFO] Serenity BDD Test Results
[INFO]   - Report guide: https://serenity-bdd.github.io
[INFO]   - Results: 0 tests | 0 passed | 0 failed | 0 errors | 0 compromised | 0 pending | 0 aborted
[INFO] ------------------------------------------------------------------------
[INFO] 
[INFO] Generating Serenity BDD Reports
[INFO]   Γ£ô Summary reports
[INFO]   Γ£ô Requirements reports
[INFO]   Γ£ô Result reports
[INFO]   Γ£ô Error reports
[INFO] 
[INFO] Reports generated in 3.3 secs
[INFO] 
[INFO] ≡ƒôè Interactive Report: file:///D:/L4S1/ITQA/ITFac_Batch21_Group58/target/site/serenity/index.html
[INFO] ≡ƒôä Single Page HTML Summary: file:///D:/L4S1/ITQA/ITFac_Batch21_Group58/target/site/serenity/serenity-summary.html
[INFO] 
[INFO] --- failsafe:3.1.2:verify (default) @ cucumber-starter ---
[WARNING]  Parameter 'encoding' (user property 'encoding') is deprecated: since of 2.20.1
[INFO] ------------------------------------------------------------------------
[INFO] BUILD FAILURE
[INFO] ------------------------------------------------------------------------
[INFO] Total time:  18.734 s
[INFO] Finished at: 2026-02-06T03:24:15+05:30
[INFO] ------------------------------------------------------------------------
[ERROR] Failed to execute goal org.apache.maven.plugins:maven-failsafe-plugin:3.1.2:verify (default) on project cucumber-starter: 
[ERROR] 
[ERROR] Please refer to D:\L4S1\ITQA\ITFac_Batch21_Group58\target\failsafe-reports for the individual test results.
[ERROR] Please refer to dump files (if any exist) [date].dump, [date]-jvmRun[N].dump and [date].dumpstream.
[ERROR] -> [Help 1]
[ERROR] 
[ERROR] To see the full stack trace of the errors, re-run Maven with the -e switch.
[ERROR] Re-run Maven using the -X switch to enable full debug logging.
[ERROR] 
[ERROR] For more information about the errors and possible solutions, please read the following articles:
[ERROR] [Help 1] http://cwiki.apache.org/confluence/display/MAVEN/MojoFailureException
